2022-07-12 15:32:19,472 [1] INFO AnalyzeModbus.MainForm - 이전 작업 복구
2022-07-12 15:32:19,480 [1] INFO AnalyzeModbus.MainForm - =========== 프로그램 시작 ===========
2022-07-12 15:32:22,288 [1] INFO AnalyzeModbus.ModbusTcpForm - 이전 ModbusTCP 연결 설정을 불러옵니다.
2022-07-12 15:32:25,886 [1] INFO AnalyzeModbus.ModbusTcpForm - ModbusTCP 연결 성공. IP :192.168.1.2 Port : 502
2022-07-12 15:32:30,593 [1] INFO AnalyzeModbus.ModbusTcpForm - 이전 ModbusTCP 연결 설정을 불러옵니다.
2022-07-12 15:32:36,297 [1] INFO AnalyzeModbus.ModbusTcpForm - ModbusTCP 연결 실패.
2022-07-12 15:32:40,163 [1] INFO AnalyzeModbus.MainForm - 설정 파일을 불러왔습니다.
2022-07-12 15:32:41,845 [1] INFO AnalyzeModbus.ModbusTcpForm - 설정파일의 ModbusTCP 연결 설정을 불러옵니다.
2022-07-12 15:32:44,274 [1] INFO AnalyzeModbus.ModbusTcpForm - ModbusTCP 연결 실패.
2022-07-12 15:32:47,512 [1] INFO AnalyzeModbus.ModbusTcpForm - 설정파일의 ModbusTCP 연결 설정을 불러옵니다.
2022-07-12 15:32:52,644 [1] INFO AnalyzeModbus.ModbusTcpForm - ModbusTCP 연결 성공. IP :192.168.1.2 Port : 502
2022-07-12 15:32:55,129 [1] INFO AnalyzeModbus.ModbusTcpForm - 설정파일의 ModbusTCP 연결 설정을 불러옵니다.
2022-07-12 15:41:54,017 [1] INFO AnalyzeModbus.MainForm - 이전 작업 복구
2022-07-12 15:41:54,030 [1] INFO AnalyzeModbus.MainForm - ----------------- 프로그램 시작 -----------------
2022-07-12 15:41:58,461 [1] INFO AnalyzeModbus.ModbusTcpForm - 이전 ModbusTCP 연결 설정을 불러옵니다.
2022-07-12 15:42:02,681 [1] INFO AnalyzeModbus.ModbusTcpForm - 이전 ModbusTCP 연결 설정을 불러옵니다.
2022-07-12 15:42:07,301 [1] INFO AnalyzeModbus.ModbusTcpForm - 이전 ModbusTCP 연결 설정을 불러옵니다.
2022-07-12 15:42:13,448 [1] INFO AnalyzeModbus.MainForm - 설정 파일을 불러왔습니다.
2022-07-12 15:42:14,335 [1] INFO AnalyzeModbus.ModbusTcpForm - 설정파일의 ModbusTCP 연결 설정을 불러옵니다.
2022-07-12 15:42:21,448 [1] INFO AnalyzeModbus.ModbusTcpForm - 설정파일의 ModbusTCP 연결 설정을 불러옵니다.
2022-07-12 15:42:26,099 [1] INFO AnalyzeModbus.ModbusTcpForm - 설정파일의 ModbusTCP 연결 설정을 불러옵니다.
2022-07-12 15:42:29,939 [1] INFO AnalyzeModbus.ModbusTcpForm - 설정파일의 ModbusTCP 연결 설정을 불러옵니다.
2022-07-12 15:42:38,695 [1] INFO AnalyzeModbus.ModbusTcpForm - 설정파일의 ModbusTCP 연결 설정을 불러옵니다.
2022-07-12 15:43:43,302 [1] INFO AnalyzeModbus.ModbusTcpForm - 설정파일의 ModbusTCP 연결 설정을 불러옵니다.
2022-07-12 15:43:48,230 [1] INFO AnalyzeModbus.ModbusTcpForm - 설정파일의 ModbusTCP 연결 설정을 불러옵니다.
2022-07-12 15:44:00,276 [1] INFO AnalyzeModbus.MainForm - 이전 작업 복구
2022-07-12 15:44:00,289 [1] INFO AnalyzeModbus.MainForm - ----------------- 프로그램 시작 -----------------
2022-07-12 15:44:04,471 [1] INFO AnalyzeModbus.ModbusTcpForm - 이전 ModbusTCP 연결 설정을 불러옵니다.
2022-07-12 15:44:09,846 [1] INFO AnalyzeModbus.ModbusTcpForm - ModbusTCP 연결 실패.
2022-07-12 15:44:11,808 [1] INFO AnalyzeModbus.ModbusTcpForm - 이전 ModbusTCP 연결 설정을 불러옵니다.
2022-07-12 15:44:16,725 [1] INFO AnalyzeModbus.ModbusTcpForm - 이전 ModbusTCP 연결 설정을 불러옵니다.
2022-07-12 15:44:20,267 [1] INFO AnalyzeModbus.MainForm - 설정 파일을 불러왔습니다.
2022-07-12 15:44:21,243 [1] INFO AnalyzeModbus.ModbusTcpForm - 설정파일의 ModbusTCP 연결 설정을 불러옵니다.
2022-07-12 15:44:24,308 [1] INFO AnalyzeModbus.ModbusTcpForm - 설정파일의 ModbusTCP 연결 설정을 불러옵니다.
2022-07-12 15:44:28,017 [1] INFO AnalyzeModbus.ModbusTcpForm - 설정파일의 ModbusTCP 연결 설정을 불러옵니다.
2022-07-12 15:45:20,948 [1] INFO AnalyzeModbus.MainForm - 이전 작업 복구
2022-07-12 15:45:20,967 [1] INFO AnalyzeModbus.MainForm - ----------------- 프로그램 시작 -----------------
2022-07-12 15:45:23,760 [1] INFO AnalyzeModbus.ModbusTcpForm - 이전 ModbusTCP 연결 설정을 불러옵니다.
2022-07-12 15:45:28,767 [1] INFO AnalyzeModbus.ModbusTcpForm - 이전 ModbusTCP 연결 설정을 불러옵니다.
2022-07-12 15:45:33,233 [1] INFO AnalyzeModbus.MainForm - 설정 파일을 불러왔습니다.
2022-07-12 15:45:34,365 [1] INFO AnalyzeModbus.ModbusTcpForm - 설정파일의 ModbusTCP 연결 설정을 불러옵니다.
2022-07-12 15:45:38,840 [1] INFO AnalyzeModbus.ModbusTcpForm - 설정파일의 ModbusTCP 연결 설정을 불러옵니다.
2022-07-12 15:46:50,339 [1] INFO AnalyzeModbus.MainForm - 이전 작업 복구
2022-07-12 15:46:50,352 [1] INFO AnalyzeModbus.MainForm - ----------------- 프로그램 시작 -----------------
2022-07-12 15:46:55,290 [1] INFO AnalyzeModbus.ModbusTcpForm - 이전 ModbusTCP 연결 설정을 불러옵니다.
2022-07-12 15:46:59,512 [1] INFO AnalyzeModbus.ModbusTcpForm - 이전 ModbusTCP 연결 설정을 불러옵니다.
2022-07-12 15:47:02,641 [1] INFO AnalyzeModbus.MainForm - 설정 파일을 불러왔습니다.
2022-07-12 15:47:03,893 [1] INFO AnalyzeModbus.ModbusTcpForm - 이전 ModbusTCP 연결 설정을 불러옵니다.
2022-07-12 15:51:29,358 [1] INFO AnalyzeModbus.MainForm - 이전 작업 복구
2022-07-12 15:51:29,370 [1] INFO AnalyzeModbus.MainForm - ----------------- 프로그램 시작 -----------------
2022-07-12 15:51:35,531 [1] INFO AnalyzeModbus.ModbusTcpForm - 설정파일의 ModbusTCP 연결 설정을 불러옵니다.
2022-07-12 15:51:38,060 [1] INFO AnalyzeModbus.ModbusTcpForm - 설정파일의 ModbusTCP 연결 설정을 불러옵니다.
2022-07-12 15:51:44,306 [1] INFO AnalyzeModbus.ModbusTcpForm - ModbusTCP 연결 성공. IP :192.168.1.2 Port : 502
2022-07-12 15:51:49,982 [1] INFO AnalyzeModbus.MainForm - 설정 파일을 저장했습니다.
2022-07-12 15:51:54,016 [1] INFO AnalyzeModbus.ModbusTcpForm - 설정파일의 ModbusTCP 연결 설정을 불러옵니다.
2022-07-12 15:52:00,649 [1] INFO AnalyzeModbus.ModbusTcpForm - ModbusTCP 연결 실패.
2022-07-12 15:52:03,209 [1] INFO AnalyzeModbus.ModbusTcpForm - 설정파일의 ModbusTCP 연결 설정을 불러옵니다.
2022-07-12 15:52:05,819 [1] INFO AnalyzeModbus.ModbusTcpForm - 설정파일의 ModbusTCP 연결 설정을 불러옵니다.
2022-07-12 15:52:09,208 [1] INFO AnalyzeModbus.MainForm - 설정 파일을 불러왔습니다.
2022-07-12 15:52:10,428 [1] INFO AnalyzeModbus.ModbusTcpForm - 설정파일의 ModbusTCP 연결 설정을 불러옵니다.
2022-07-12 15:52:13,413 [1] INFO AnalyzeModbus.ModbusTcpForm - 설정파일의 ModbusTCP 연결 설정을 불러옵니다.
2022-07-12 15:52:16,624 [1] INFO AnalyzeModbus.ModbusTcpForm - 설정파일의 ModbusTCP 연결 설정을 불러옵니다.
2022-07-12 15:52:59,611 [1] INFO AnalyzeModbus.MainForm - 이전 작업 복구
2022-07-12 15:52:59,621 [1] INFO AnalyzeModbus.MainForm - ----------------- 프로그램 시작 -----------------
2022-07-12 15:53:02,903 [1] INFO AnalyzeModbus.ModbusTcpForm - 이전 ModbusTCP 연결 설정을 불러옵니다.
2022-07-12 15:53:09,709 [1] INFO AnalyzeModbus.ModbusTcpForm - 이전 ModbusTCP 연결 설정을 불러옵니다.
2022-07-12 15:53:13,538 [1] INFO AnalyzeModbus.MainForm - 설정 파일을 불러왔습니다.
2022-07-12 15:53:14,845 [1] INFO AnalyzeModbus.ModbusTcpForm - 설정파일의 ModbusTCP 연결 설정을 불러옵니다.
2022-07-12 15:53:20,377 [1] INFO AnalyzeModbus.ModbusTcpForm - 이전 ModbusTCP 연결 설정을 불러옵니다.
2022-07-12 15:53:23,129 [1] INFO AnalyzeModbus.ModbusTcpForm - 이전 ModbusTCP 연결 설정을 불러옵니다.
2022-07-12 15:58:40,889 [1] INFO AnalyzeModbus.MainForm - 이전 작업 복구
2022-07-12 15:58:40,900 [1] INFO AnalyzeModbus.MainForm - ----------------- 프로그램 시작 -----------------
2022-07-12 15:58:43,804 [1] INFO AnalyzeModbus.ModbusTcpForm - 이전 ModbusTCP 연결 설정을 불러옵니다.
2022-07-12 15:58:45,358 [1] INFO AnalyzeModbus.ModbusTcpForm - ------------ ModbusTCP 연결 탭 닫기 ------------
2022-07-12 15:58:45,382 [1] INFO AnalyzeModbus.MainForm - ------------ ModbusTCP 연결 탭 진입 ------------
2022-07-12 15:58:54,040 [1] INFO AnalyzeModbus.MainForm - 설정 파일을 불러왔습니다.
2022-07-12 15:58:55,865 [1] INFO AnalyzeModbus.ModbusTcpForm - 설정파일의 ModbusTCP 연결 설정을 불러옵니다.
2022-07-12 15:58:57,306 [1] INFO AnalyzeModbus.ModbusTcpForm - ModbusTCP 연결 성공. IP :192.168.1.2 Port : 502
2022-07-12 15:58:57,315 [1] INFO AnalyzeModbus.ModbusTcpForm - ------------ ModbusTCP 연결 탭 닫기 ------------
2022-07-12 15:58:57,322 [1] INFO AnalyzeModbus.MainForm - ------------ ModbusTCP 연결 탭 진입 ------------
2022-07-12 15:58:59,119 [1] INFO AnalyzeModbus.MainForm - ----------------- 프로그램 종료-----------------
2022-07-12 16:02:32,903 [1] INFO AnalyzeModbus.MainForm - 이전 작업 복구
2022-07-12 16:02:32,917 [1] INFO AnalyzeModbus.MainForm - 
*프로그램 시작
2022-07-12 16:02:35,651 [1] INFO AnalyzeModbus.MainForm - *프로그램 종료

2022-07-12 16:02:59,201 [1] INFO AnalyzeModbus.MainForm - 이전 작업 복구
2022-07-12 16:02:59,211 [1] INFO AnalyzeModbus.MainForm - *프로그램 시작
2022-07-12 16:03:03,295 [1] INFO AnalyzeModbus.ModbusTcpForm - 이전 ModbusTCP 연결 설정을 불러옵니다.
2022-07-12 16:03:04,500 [1] INFO AnalyzeModbus.ModbusTcpForm - ModbusTCP 연결 성공. IP :192.168.1.2 Port : 502
2022-07-12 16:03:04,508 [1] INFO AnalyzeModbus.ModbusTcpForm - *ModbusTCP 연결 탭 닫음
2022-07-12 16:03:04,525 [1] INFO AnalyzeModbus.MainForm - *ModbusTCP 연결 탭 열림
2022-07-12 16:03:08,255 [1] INFO AnalyzeModbus.MainForm - *프로그램 종료

2022-07-12 16:06:23,992 [1] INFO AnalyzeModbus.MainForm - *프로그램 시작
2022-07-12 16:06:24,002 [1] INFO AnalyzeModbus.MainForm - *이전 임시설정 복구
2022-07-12 16:06:29,325 [1] INFO AnalyzeModbus.MainForm - *설정 파일 로드완료
2022-07-12 16:06:30,863 [1] INFO AnalyzeModbus.ModbusTcpForm - 설정파일의 ModbusTCP 연결 설정을 불러옵니다.
2022-07-12 16:06:32,615 [1] INFO AnalyzeModbus.ModbusTcpForm - *연결 성공 [IP :192.168.1.2 Port : 502]
2022-07-12 16:06:32,625 [1] INFO AnalyzeModbus.ModbusTcpForm - *연결 탭 닫음
2022-07-12 16:06:32,640 [1] INFO AnalyzeModbus.MainForm - *ModbusTCP 연결 탭 열림
2022-07-12 16:06:34,182 [1] INFO AnalyzeModbus.ModbusTcpForm - 이전 ModbusTCP 연결 설정을 불러옵니다.
2022-07-12 16:06:35,186 [1] INFO AnalyzeModbus.ModbusTcpForm - *연결 탭 닫음
2022-07-12 16:06:35,195 [1] INFO AnalyzeModbus.MainForm - *ModbusTCP 연결 탭 열림
2022-07-12 16:06:36,169 [1] INFO AnalyzeModbus.MainForm - *프로그램 종료

2022-07-12 16:08:42,726 [1] INFO AnalyzeModbus.MainForm - [프로그램 시작]
2022-07-12 16:08:42,739 [1] INFO AnalyzeModbus.MainForm - *이전 임시설정 복구
2022-07-12 16:08:46,731 [1] INFO AnalyzeModbus.ModbusTcpForm - 이전 ModbusTCP 연결 설정을 불러옵니다.
2022-07-12 16:08:47,878 [1] INFO AnalyzeModbus.ModbusTcpForm - *연결 탭 닫음
2022-07-12 16:08:47,905 [1] INFO AnalyzeModbus.ModbusTcpForm - 이전 ModbusTCP 연결 설정을 불러옵니다.
2022-07-12 16:08:49,360 [1] INFO AnalyzeModbus.ModbusTcpForm - *연결 탭 닫음
2022-07-12 16:08:51,340 [1] INFO AnalyzeModbus.ModbusTcpForm - 이전 ModbusTCP 연결 설정을 불러옵니다.
2022-07-12 16:08:52,189 [1] INFO AnalyzeModbus.ModbusTcpForm - *연결 탭 닫음
2022-07-12 16:08:52,200 [1] INFO AnalyzeModbus.ModbusTcpForm - 이전 ModbusTCP 연결 설정을 불러옵니다.
2022-07-12 16:08:52,709 [1] INFO AnalyzeModbus.ModbusTcpForm - *연결 탭 닫음
2022-07-12 16:08:54,035 [1] INFO AnalyzeModbus.MainForm - [프로그램 종료]

2022-07-12 16:09:30,749 [1] INFO AnalyzeModbus.MainForm - [프로그램 시작]
2022-07-12 16:09:30,760 [1] INFO AnalyzeModbus.MainForm - *이전 임시설정 복구
2022-07-12 16:09:33,157 [1] INFO AnalyzeModbus.ModbusTcpForm - 이전 ModbusTCP 연결 설정을 불러옵니다.
2022-07-12 16:09:34,423 [1] INFO AnalyzeModbus.ModbusTcpForm - *연결 탭 닫음
2022-07-12 16:09:36,508 [1] INFO AnalyzeModbus.MainForm - [프로그램 종료]

2022-07-12 16:13:09,093 [1] INFO AnalyzeModbus.MainForm - [프로그램 시작]
2022-07-12 16:13:09,108 [1] INFO AnalyzeModbus.MainForm - *이전 임시설정 복구
2022-07-12 16:13:10,723 [1] INFO AnalyzeModbus.MainForm - [프로그램 종료]

2022-07-12 16:18:17,562 [1] INFO AnalyzeModbus.MainForm - [프로그램 시작]
2022-07-12 16:18:17,577 [1] INFO AnalyzeModbus.MainForm - *이전 임시설정 복구
2022-07-12 16:18:24,777 [1] INFO AnalyzeModbus.MainForm - *설정 파일 로드완료
2022-07-12 16:18:25,886 [1] INFO AnalyzeModbus.ModbusTcpForm - *연결 설정 불러옴
2022-07-12 16:18:26,979 [1] INFO AnalyzeModbus.ModbusTcpForm - *연결 성공 [IP :192.168.1.2 Port : 502]
2022-07-12 16:18:26,990 [1] INFO AnalyzeModbus.ModbusTcpForm - *연결 탭 닫음
2022-07-12 16:18:37,042 [1] INFO AnalyzeModbus.ModbusTcpForm - *임시 연결 설정 불러옴
2022-07-12 16:18:38,803 [1] INFO AnalyzeModbus.ModbusTcpForm - *연결 탭 닫음
2022-07-12 16:18:40,367 [1] INFO AnalyzeModbus.ModbusTcpForm - *임시 연결 설정 불러옴
2022-07-12 16:18:41,234 [1] INFO AnalyzeModbus.ModbusTcpForm - *연결 성공 [IP :192.168.1.2 Port : 502]
2022-07-12 16:18:41,244 [1] INFO AnalyzeModbus.ModbusTcpForm - *연결 탭 닫음
2022-07-12 16:18:47,460 [1] INFO AnalyzeModbus.MainForm - [프로그램 종료]

2022-07-12 17:19:19,595 [1] INFO AnalyzeModbus.MainForm - [프로그램 시작]
2022-07-12 17:19:19,607 [1] INFO AnalyzeModbus.MainForm - *이전 임시설정 복구
2022-07-12 17:19:23,761 [1] INFO AnalyzeModbus.ModbusTcpForm - *임시 연결 설정 불러옴
2022-07-12 17:19:28,643 [1] ERROR AnalyzeModbus.ModbusTcpForm - *연결 실패. 사유 -
2022-07-12 17:19:29,715 [1] INFO AnalyzeModbus.ModbusTcpForm - *연결 탭 닫음
2022-07-12 17:19:36,898 [1] INFO AnalyzeModbus.ModbusTcpForm - *임시 연결 설정 불러옴
2022-07-12 17:19:53,598 [1] INFO AnalyzeModbus.ModbusTcpForm - *연결 탭 닫음
2022-07-12 17:19:55,415 [1] INFO AnalyzeModbus.MainForm - [프로그램 종료]

2022-07-12 17:38:41,429 [1] INFO AnalyzeModbus.MainForm - [프로그램 시작]
2022-07-12 17:38:41,443 [1] INFO AnalyzeModbus.MainForm - *이전 임시설정 복구
2022-07-12 17:38:52,570 [1] INFO AnalyzeModbus.MainForm - *설정 파일 저장완료
2022-07-12 17:38:53,862 [1] INFO AnalyzeModbus.ModbusTcpForm - *연결 설정 불러옴
2022-07-12 17:39:05,301 [1] ERROR AnalyzeModbus.ModbusTcpForm - *연결 실패. 사유 -
2022-07-12 17:39:06,226 [1] INFO AnalyzeModbus.ModbusTcpForm - *연결 탭 닫음
2022-07-12 17:39:11,688 [1] INFO AnalyzeModbus.MainForm - *설정 파일 저장완료
2022-07-12 17:39:13,085 [1] INFO AnalyzeModbus.MainForm - [프로그램 종료]

2022-07-12 17:41:49,660 [1] INFO AnalyzeModbus.MainForm - [프로그램 시작]
2022-07-12 17:41:49,673 [1] INFO AnalyzeModbus.MainForm - *이전 임시설정 복구
2022-07-12 17:41:54,900 [1] INFO AnalyzeModbus.MainForm - *설정 파일 로드완료
2022-07-12 17:41:56,324 [1] INFO AnalyzeModbus.ModbusTcpForm - *연결 설정 불러옴
2022-07-12 17:41:59,377 [1] ERROR AnalyzeModbus.ModbusTcpForm - *연결 실패. 사유 -
2022-07-12 17:42:00,203 [1] INFO AnalyzeModbus.ModbusTcpForm - *연결 탭 닫음
2022-07-12 17:42:16,248 [1] INFO AnalyzeModbus.MainForm - *설정 파일 저장완료
2022-07-12 17:42:19,809 [1] INFO AnalyzeModbus.MainForm - [프로그램 종료]

2022-07-12 17:42:50,058 [1] INFO AnalyzeModbus.MainForm - [프로그램 시작]
2022-07-12 17:42:50,072 [1] INFO AnalyzeModbus.MainForm - *이전 임시설정 복구
2022-07-12 17:42:59,699 [1] INFO AnalyzeModbus.MainForm - *설정 파일 저장완료
2022-07-12 17:43:00,416 [1] INFO AnalyzeModbus.MainForm - [프로그램 종료]

2022-07-12 17:44:10,341 [1] INFO AnalyzeModbus.MainForm - [프로그램 시작]
2022-07-12 17:44:10,352 [1] INFO AnalyzeModbus.MainForm - *이전 임시설정 복구
2022-07-12 17:44:17,752 [1] INFO AnalyzeModbus.MainForm - *설정 파일 저장완료
2022-07-12 17:44:18,525 [1] INFO AnalyzeModbus.MainForm - [프로그램 종료]

2022-07-12 17:45:06,112 [1] INFO AnalyzeModbus.MainForm - [프로그램 시작]
2022-07-12 17:45:06,127 [1] INFO AnalyzeModbus.MainForm - *이전 임시설정 복구
2022-07-12 17:45:14,708 [1] INFO AnalyzeModbus.MainForm - *설정 파일 저장완료
2022-07-12 17:45:17,903 [1] INFO AnalyzeModbus.MainForm - *설정 파일 로드완료
2022-07-12 17:45:18,954 [1] INFO AnalyzeModbus.MainForm - [프로그램 종료]

2022-07-12 18:27:44,981 [1] INFO AnalyzeModbus.MainForm - [프로그램 시작]
2022-07-12 18:29:29,882 [1] INFO AnalyzeModbus.MainForm - [프로그램 시작]
2022-07-12 18:31:32,261 [1] INFO AnalyzeModbus.MainForm - *이전 임시설정 복구
2022-07-12 18:31:53,667 [1] INFO AnalyzeModbus.MainForm - [프로그램 종료]

2022-07-12 18:35:56,390 [1] INFO AnalyzeModbus.MainForm - [프로그램 시작]
2022-07-12 18:58:34,026 [1] INFO AnalyzeModbus.MainForm - [프로그램 시작]
2022-07-12 19:02:13,686 [1] INFO AnalyzeModbus.MainForm - [프로그램 시작]
2022-07-12 19:03:01,185 [1] INFO AnalyzeModbus.MainForm - [프로그램 시작]
2022-07-12 19:04:10,236 [1] INFO AnalyzeModbus.MainForm - [프로그램 시작]
2022-07-12 19:05:13,366 [1] INFO AnalyzeModbus.MainForm - [프로그램 시작]
2022-07-12 19:09:34,455 [1] INFO AnalyzeModbus.MainForm - [프로그램 시작]
2022-07-12 19:10:26,522 [1] INFO AnalyzeModbus.MainForm - [프로그램 시작]
2022-07-12 19:16:25,963 [1] INFO AnalyzeModbus.MainForm - [프로그램 시작]
